<?xml version="1.0" encoding="UTF-8"?>
<!-- Generated by org.testng.reporters.JUnitXMLReporter -->
<testsuite hostname="sree-PC" name="Default test" tests="6" failures="0" timestamp="30 Nov 2016 18:03:20 GMT" time="0.053" errors="0">
  <testcase name="testMethod" time="0.011" classname="practiceScripts.parallelThread"/>
  <testcase name="testMethod" time="0.012" classname="practiceScripts.parallelThread"/>
  <testcase name="testMethod" time="0.012" classname="practiceScripts.parallelThread"/>
  <testcase name="testMethod" time="0.011" classname="practiceScripts.parallelThread"/>
  <testcase name="testMethod" time="0.014" classname="practiceScripts.parallelThread"/>
  <testcase name="testMethod" time="0.017" classname="practiceScripts.parallelThread"/>
</testsuite> <!-- Default test -->
