<?xml version="1.0" encoding="UTF-8"?>
<!-- Generated by org.testng.reporters.JUnitXMLReporter -->
<testsuite hostname="sree-PC" name="Test" tests="6" failures="0" timestamp="30 Nov 2016 18:04:11 GMT" time="0.055" errors="0">
  <testcase name="testMethod" time="0.014" classname="practiceScripts.parallelThread"/>
  <testcase name="testMethod" time="0.015" classname="practiceScripts.parallelThread"/>
  <testcase name="testMethod" time="0.016" classname="practiceScripts.parallelThread"/>
  <testcase name="testMethod" time="0.016" classname="practiceScripts.parallelThread"/>
  <testcase name="testMethod" time="0.017" classname="practiceScripts.parallelThread"/>
  <testcase name="testMethod" time="0.017" classname="practiceScripts.parallelThread"/>
</testsuite> <!-- Test -->
