<?xml version="1.0" encoding="UTF-8"?>
<testng-results skipped="0" failed="0" total="2" passed="2">
  <reporter-output>
  </reporter-output>
  <suite name="Suite" duration-ms="39" started-at="2016-11-30T18:22:43Z" finished-at="2016-11-30T18:22:43Z">
    <groups>
    </groups>
    <test name="Test-class test 2" duration-ms="32" started-at="2016-11-30T18:22:43Z" finished-at="2016-11-30T18:22:43Z">
      <class name="practiceScripts.ParallelSuiteTest">
        <test-method status="PASS" signature="beforeTest(java.lang.String)[pri:0, instance:practiceScripts.ParallelSuiteTest@7dc7cbad]" name="beforeTest" is-config="true" duration-ms="8" started-at="2016-11-30T23:52:43Z" finished-at="2016-11-30T23:52:43Z">
          <params>
            <param index="0">
              <value>
                <![CDATA[test-method One]]>
              </value>
            </param>
          </params>
          <reporter-output>
          </reporter-output>
        </test-method> <!-- beforeTest -->
        <test-method status="PASS" signature="beforeClass()[pri:0, instance:practiceScripts.ParallelSuiteTest@7dc7cbad]" name="beforeClass" is-config="true" duration-ms="0" started-at="2016-11-30T23:52:43Z" finished-at="2016-11-30T23:52:43Z">
          <reporter-output>
          </reporter-output>
        </test-method> <!-- beforeClass -->
        <test-method status="PASS" signature="testMethodOne()[pri:0, instance:practiceScripts.ParallelSuiteTest@7dc7cbad]" name="testMethodOne" duration-ms="5" started-at="2016-11-30T23:52:43Z" finished-at="2016-11-30T23:52:43Z">
          <reporter-output>
          </reporter-output>
        </test-method> <!-- testMethodOne -->
        <test-method status="PASS" signature="afterClass()[pri:0, instance:practiceScripts.ParallelSuiteTest@7dc7cbad]" name="afterClass" is-config="true" duration-ms="1" started-at="2016-11-30T23:52:43Z" finished-at="2016-11-30T23:52:43Z">
          <reporter-output>
          </reporter-output>
        </test-method> <!-- afterClass -->
        <test-method status="PASS" signature="afterTest()[pri:0, instance:practiceScripts.ParallelSuiteTest@7dc7cbad]" name="afterTest" is-config="true" duration-ms="1" started-at="2016-11-30T23:52:43Z" finished-at="2016-11-30T23:52:43Z">
          <reporter-output>
          </reporter-output>
        </test-method> <!-- afterTest -->
      </class> <!-- practiceScripts.ParallelSuiteTest -->
    </test> <!-- Test-class test 2 -->
    <test name="Test-class test 1" duration-ms="39" started-at="2016-11-30T18:22:43Z" finished-at="2016-11-30T18:22:43Z">
      <class name="practiceScripts.ParallelSuiteTest">
        <test-method status="PASS" signature="beforeTest(java.lang.String)[pri:0, instance:practiceScripts.ParallelSuiteTest@6d78f375]" name="beforeTest" is-config="true" duration-ms="7" started-at="2016-11-30T23:52:43Z" finished-at="2016-11-30T23:52:43Z">
          <params>
            <param index="0">
              <value>
                <![CDATA[test-method One]]>
              </value>
            </param>
          </params>
          <reporter-output>
          </reporter-output>
        </test-method> <!-- beforeTest -->
        <test-method status="PASS" signature="beforeClass()[pri:0, instance:practiceScripts.ParallelSuiteTest@6d78f375]" name="beforeClass" is-config="true" duration-ms="1" started-at="2016-11-30T23:52:43Z" finished-at="2016-11-30T23:52:43Z">
          <reporter-output>
          </reporter-output>
        </test-method> <!-- beforeClass -->
        <test-method status="PASS" signature="testMethodOne()[pri:0, instance:practiceScripts.ParallelSuiteTest@6d78f375]" name="testMethodOne" duration-ms="7" started-at="2016-11-30T23:52:43Z" finished-at="2016-11-30T23:52:43Z">
          <reporter-output>
          </reporter-output>
        </test-method> <!-- testMethodOne -->
        <test-method status="PASS" signature="afterClass()[pri:0, instance:practiceScripts.ParallelSuiteTest@6d78f375]" name="afterClass" is-config="true" duration-ms="1" started-at="2016-11-30T23:52:43Z" finished-at="2016-11-30T23:52:43Z">
          <reporter-output>
          </reporter-output>
        </test-method> <!-- afterClass -->
        <test-method status="PASS" signature="afterTest()[pri:0, instance:practiceScripts.ParallelSuiteTest@6d78f375]" name="afterTest" is-config="true" duration-ms="0" started-at="2016-11-30T23:52:43Z" finished-at="2016-11-30T23:52:43Z">
          <reporter-output>
          </reporter-output>
        </test-method> <!-- afterTest -->
      </class> <!-- practiceScripts.ParallelSuiteTest -->
    </test> <!-- Test-class test 1 -->
  </suite> <!-- Suite -->
</testng-results>
